2025-04-07 17:53:49,983 INFO: FitHire AI startup [in F:\Data Science Projects\FireHire AI\FitHire-AI\run.py:25]
2025-04-07 17:53:50,434 INFO: Database initialized successfully [in F:\Data Science Projects\FireHire AI\FitHire-AI\app\utils\db_utils.py:39]
2025-04-07 17:53:50,435 INFO: Database initialized successfully [in F:\Data Science Projects\FireHire AI\FitHire-AI\run.py:42]
2025-04-07 17:53:50,435 INFO: Starting development server... [in F:\Data Science Projects\FireHire AI\FitHire-AI\run.py:51]
2025-04-07 17:53:53,982 INFO: FitHire AI startup [in F:\Data Science Projects\FireHire AI\FitHire-AI\run.py:25]
2025-04-07 17:53:54,360 INFO: Database initialized successfully [in F:\Data Science Projects\FireHire AI\FitHire-AI\app\utils\db_utils.py:39]
2025-04-07 17:53:54,360 INFO: Database initialized successfully [in F:\Data Science Projects\FireHire AI\FitHire-AI\run.py:42]
2025-04-07 17:53:54,362 INFO: Starting development server... [in F:\Data Science Projects\FireHire AI\FitHire-AI\run.py:51]
2025-04-07 17:54:02,146 INFO: File saved at: F:\Data Science Projects\FireHire AI\FitHire-AI\app\uploads\4a441dd8-2696-4ed8-93b9-524d55b30ee1_Saher_Muhameds_Resume.pdf [in F:\Data Science Projects\FireHire AI\FitHire-AI\app\routes.py:53]
2025-04-07 17:54:02,554 INFO: Dashboard accessed. Found 2 job matches in session [in F:\Data Science Projects\FireHire AI\FitHire-AI\app\routes.py:93]
2025-04-07 17:55:35,106 INFO: FitHire AI startup [in F:\Data Science Projects\FireHire AI\FitHire-AI\run.py:25]
2025-04-07 17:55:35,555 INFO: Database initialized successfully [in F:\Data Science Projects\FireHire AI\FitHire-AI\app\utils\db_utils.py:39]
2025-04-07 17:55:35,555 INFO: Database initialized successfully [in F:\Data Science Projects\FireHire AI\FitHire-AI\run.py:42]
2025-04-07 17:55:35,555 INFO: Starting development server... [in F:\Data Science Projects\FireHire AI\FitHire-AI\run.py:51]
2025-04-07 17:59:54,496 INFO: FitHire AI startup [in F:\Data Science Projects\FireHire AI\FitHire-AI\run.py:25]
2025-04-07 17:59:54,941 INFO: Database initialized successfully [in F:\Data Science Projects\FireHire AI\FitHire-AI\app\utils\db_utils.py:39]
2025-04-07 17:59:54,942 INFO: Database initialized successfully [in F:\Data Science Projects\FireHire AI\FitHire-AI\run.py:42]
2025-04-07 17:59:54,942 INFO: Starting development server... [in F:\Data Science Projects\FireHire AI\FitHire-AI\run.py:51]
2025-04-07 18:00:24,246 INFO: FitHire AI startup [in F:\Data Science Projects\FireHire AI\FitHire-AI\run.py:25]
2025-04-07 18:00:24,686 INFO: Database initialized successfully [in F:\Data Science Projects\FireHire AI\FitHire-AI\app\utils\db_utils.py:39]
2025-04-07 18:00:24,687 INFO: Database initialized successfully [in F:\Data Science Projects\FireHire AI\FitHire-AI\run.py:42]
2025-04-07 18:00:24,687 INFO: Starting development server... [in F:\Data Science Projects\FireHire AI\FitHire-AI\run.py:51]
2025-04-07 18:00:29,553 INFO: FitHire AI startup [in F:\Data Science Projects\FireHire AI\FitHire-AI\run.py:25]
2025-04-07 18:00:30,007 INFO: Database initialized successfully [in F:\Data Science Projects\FireHire AI\FitHire-AI\app\utils\db_utils.py:39]
2025-04-07 18:00:30,007 INFO: Database initialized successfully [in F:\Data Science Projects\FireHire AI\FitHire-AI\run.py:42]
2025-04-07 18:00:30,008 INFO: Starting development server... [in F:\Data Science Projects\FireHire AI\FitHire-AI\run.py:51]
