2025-04-07 17:56:08,206 INFO: Starting job scraping for: python developer,machine learning engineer,data scientist,data analyst, software engineer in Remote
2025-04-07 17:56:10,892 INFO: ====== WebDriver manager ======
2025-04-07 17:56:11,650 INFO: Get LATEST chromedriver version for google-chrome
2025-04-07 17:56:11,847 INFO: Get LATEST chromedriver version for google-chrome
2025-04-07 17:56:12,061 INFO: There is no [win64] chromedriver "135.0.7049.42" for browser google-chrome "135.0.7049" in cache
2025-04-07 17:56:12,061 INFO: Get LATEST chromedriver version for google-chrome
2025-04-07 17:56:12,504 INFO: WebDriver version 135.0.7049.42 selected
2025-04-07 17:56:12,507 INFO: Modern chrome version https://storage.googleapis.com/chrome-for-testing-public/135.0.7049.42/win32/chromedriver-win32.zip
2025-04-07 17:56:12,509 INFO: About to download new driver from https://storage.googleapis.com/chrome-for-testing-public/135.0.7049.42/win32/chromedriver-win32.zip
2025-04-07 17:56:12,715 INFO: Driver downloading response is 200
2025-04-07 17:56:14,991 INFO: Get LATEST chromedriver version for google-chrome
2025-04-07 17:56:16,048 INFO: Driver has been saved in cache [C:\Users\LENOVO  LS\.wdm\drivers\chromedriver\win64\135.0.7049.42]
2025-04-07 17:56:17,270 INFO: ====== WebDriver manager ======
2025-04-07 17:56:18,013 INFO: Get LATEST chromedriver version for google-chrome
2025-04-07 17:56:18,206 INFO: Get LATEST chromedriver version for google-chrome
2025-04-07 17:56:18,382 INFO: Driver [C:\Users\LENOVO  LS\.wdm\drivers\chromedriver\win64\135.0.7049.42\chromedriver-win32/chromedriver.exe] found in cache
2025-04-07 17:56:19,420 INFO: Searching for: python developer
2025-04-07 17:56:57,261 INFO: Saved 0 new jobs for keyword: python developer
2025-04-07 17:56:57,261 INFO: Searching for: machine learning engineer
2025-04-07 17:57:01,348 WARNING: Retrying (Retry(total=2, connect=None, read=None, redirect=None, status=None)) after connection broken by 'NewConnectionError('<urllib3.connection.HTTPConnection object at 0x0000020B810AD340>: Failed to establish a new connection: [WinError 10061] No connection could be made because the target machine actively refused it')': /session/bdf950e20f5812c7b70d97e4cb3083ea/url
2025-04-07 17:57:01,348 WARNING: Retrying (Retry(total=2, connect=None, read=None, redirect=None, status=None)) after connection broken by 'NewConnectionError('<urllib3.connection.HTTPConnection object at 0x0000020B810AEED0>: Failed to establish a new connection: [WinError 10061] No connection could be made because the target machine actively refused it')': /session/8f0203e931600710740a1f4ec3d4968a/url
2025-04-07 17:57:05,433 WARNING: Retrying (Retry(total=1, connect=None, read=None, redirect=None, status=None)) after connection broken by 'NewConnectionError('<urllib3.connection.HTTPConnection object at 0x0000020B81272E70>: Failed to establish a new connection: [WinError 10061] No connection could be made because the target machine actively refused it')': /session/bdf950e20f5812c7b70d97e4cb3083ea/url
2025-04-07 17:57:05,433 WARNING: Retrying (Retry(total=1, connect=None, read=None, redirect=None, status=None)) after connection broken by 'NewConnectionError('<urllib3.connection.HTTPConnection object at 0x0000020B81273350>: Failed to establish a new connection: [WinError 10061] No connection could be made because the target machine actively refused it')': /session/8f0203e931600710740a1f4ec3d4968a/url
2025-04-07 17:57:09,517 WARNING: Retrying (Retry(total=0, connect=None, read=None, redirect=None, status=None)) after connection broken by 'NewConnectionError('<urllib3.connection.HTTPConnection object at 0x0000020B81272420>: Failed to establish a new connection: [WinError 10061] No connection could be made because the target machine actively refused it')': /session/8f0203e931600710740a1f4ec3d4968a/url
2025-04-07 17:57:09,517 WARNING: Retrying (Retry(total=0, connect=None, read=None, redirect=None, status=None)) after connection broken by 'NewConnectionError('<urllib3.connection.HTTPConnection object at 0x0000020B81272660>: Failed to establish a new connection: [WinError 10061] No connection could be made because the target machine actively refused it')': /session/bdf950e20f5812c7b70d97e4cb3083ea/url
2025-04-07 17:57:17,703 WARNING: Retrying (Retry(total=2, connect=None, read=None, redirect=None, status=None)) after connection broken by 'NewConnectionError('<urllib3.connection.HTTPConnection object at 0x0000020B810AE0F0>: Failed to establish a new connection: [WinError 10061] No connection could be made because the target machine actively refused it')': /session/bdf950e20f5812c7b70d97e4cb3083ea
2025-04-07 17:57:17,703 WARNING: Retrying (Retry(total=2, connect=None, read=None, redirect=None, status=None)) after connection broken by 'NewConnectionError('<urllib3.connection.HTTPConnection object at 0x0000020B810AE1B0>: Failed to establish a new connection: [WinError 10061] No connection could be made because the target machine actively refused it')': /session/8f0203e931600710740a1f4ec3d4968a
2025-04-07 17:57:21,793 WARNING: Retrying (Retry(total=1, connect=None, read=None, redirect=None, status=None)) after connection broken by 'NewConnectionError('<urllib3.connection.HTTPConnection object at 0x0000020B8156FBF0>: Failed to establish a new connection: [WinError 10061] No connection could be made because the target machine actively refused it')': /session/8f0203e931600710740a1f4ec3d4968a
2025-04-07 17:57:21,793 WARNING: Retrying (Retry(total=1, connect=None, read=None, redirect=None, status=None)) after connection broken by 'NewConnectionError('<urllib3.connection.HTTPConnection object at 0x0000020B8156FB00>: Failed to establish a new connection: [WinError 10061] No connection could be made because the target machine actively refused it')': /session/bdf950e20f5812c7b70d97e4cb3083ea
2025-04-07 17:57:25,883 WARNING: Retrying (Retry(total=0, connect=None, read=None, redirect=None, status=None)) after connection broken by 'NewConnectionError('<urllib3.connection.HTTPConnection object at 0x0000020B8156FE00>: Failed to establish a new connection: [WinError 10061] No connection could be made because the target machine actively refused it')': /session/8f0203e931600710740a1f4ec3d4968a
2025-04-07 17:57:25,883 WARNING: Retrying (Retry(total=0, connect=None, read=None, redirect=None, status=None)) after connection broken by 'NewConnectionError('<urllib3.connection.HTTPConnection object at 0x0000020B8156FEF0>: Failed to establish a new connection: [WinError 10061] No connection could be made because the target machine actively refused it')': /session/bdf950e20f5812c7b70d97e4cb3083ea
2025-04-07 17:57:29,971 INFO: Saved 0 new jobs for keyword: machine learning engineer
2025-04-07 17:57:29,971 INFO: Searching for: data scientist
2025-04-07 17:57:34,041 WARNING: Retrying (Retry(total=2, connect=None, read=None, redirect=None, status=None)) after connection broken by 'NewConnectionError('<urllib3.connection.HTTPConnection object at 0x0000020B810AF3B0>: Failed to establish a new connection: [WinError 10061] No connection could be made because the target machine actively refused it')': /session/bdf950e20f5812c7b70d97e4cb3083ea/url
2025-04-07 17:57:34,042 WARNING: Retrying (Retry(total=2, connect=None, read=None, redirect=None, status=None)) after connection broken by 'NewConnectionError('<urllib3.connection.HTTPConnection object at 0x0000020B81272480>: Failed to establish a new connection: [WinError 10061] No connection could be made because the target machine actively refused it')': /session/8f0203e931600710740a1f4ec3d4968a/url
2025-04-07 17:57:38,140 WARNING: Retrying (Retry(total=1, connect=None, read=None, redirect=None, status=None)) after connection broken by 'NewConnectionError('<urllib3.connection.HTTPConnection object at 0x0000020B810ADFA0>: Failed to establish a new connection: [WinError 10061] No connection could be made because the target machine actively refused it')': /session/8f0203e931600710740a1f4ec3d4968a/url
2025-04-07 17:57:38,140 WARNING: Retrying (Retry(total=1, connect=None, read=None, redirect=None, status=None)) after connection broken by 'NewConnectionError('<urllib3.connection.HTTPConnection object at 0x0000020B8159C4D0>: Failed to establish a new connection: [WinError 10061] No connection could be made because the target machine actively refused it')': /session/bdf950e20f5812c7b70d97e4cb3083ea/url
2025-04-07 17:57:42,234 WARNING: Retrying (Retry(total=0, connect=None, read=None, redirect=None, status=None)) after connection broken by 'NewConnectionError('<urllib3.connection.HTTPConnection object at 0x0000020B810AF170>: Failed to establish a new connection: [WinError 10061] No connection could be made because the target machine actively refused it')': /session/8f0203e931600710740a1f4ec3d4968a/url
2025-04-07 17:57:42,234 WARNING: Retrying (Retry(total=0, connect=None, read=None, redirect=None, status=None)) after connection broken by 'NewConnectionError('<urllib3.connection.HTTPConnection object at 0x0000020B810AD5E0>: Failed to establish a new connection: [WinError 10061] No connection could be made because the target machine actively refused it')': /session/bdf950e20f5812c7b70d97e4cb3083ea/url
2025-04-07 17:57:50,402 WARNING: Retrying (Retry(total=2, connect=None, read=None, redirect=None, status=None)) after connection broken by 'NewConnectionError('<urllib3.connection.HTTPConnection object at 0x0000020B81273380>: Failed to establish a new connection: [WinError 10061] No connection could be made because the target machine actively refused it')': /session/8f0203e931600710740a1f4ec3d4968a
2025-04-07 17:57:50,417 WARNING: Retrying (Retry(total=2, connect=None, read=None, redirect=None, status=None)) after connection broken by 'NewConnectionError('<urllib3.connection.HTTPConnection object at 0x0000020B812726C0>: Failed to establish a new connection: [WinError 10061] No connection could be made because the target machine actively refused it')': /session/bdf950e20f5812c7b70d97e4cb3083ea
2025-04-07 17:57:54,494 WARNING: Retrying (Retry(total=1, connect=None, read=None, redirect=None, status=None)) after connection broken by 'NewConnectionError('<urllib3.connection.HTTPConnection object at 0x0000020B8188A360>: Failed to establish a new connection: [WinError 10061] No connection could be made because the target machine actively refused it')': /session/8f0203e931600710740a1f4ec3d4968a
2025-04-07 17:57:54,510 WARNING: Retrying (Retry(total=1, connect=None, read=None, redirect=None, status=None)) after connection broken by 'NewConnectionError('<urllib3.connection.HTTPConnection object at 0x0000020B8188A4E0>: Failed to establish a new connection: [WinError 10061] No connection could be made because the target machine actively refused it')': /session/bdf950e20f5812c7b70d97e4cb3083ea
2025-04-07 17:57:58,605 WARNING: Retrying (Retry(total=0, connect=None, read=None, redirect=None, status=None)) after connection broken by 'NewConnectionError('<urllib3.connection.HTTPConnection object at 0x0000020B8188A7E0>: Failed to establish a new connection: [WinError 10061] No connection could be made because the target machine actively refused it')': /session/bdf950e20f5812c7b70d97e4cb3083ea
2025-04-07 17:57:58,620 WARNING: Retrying (Retry(total=0, connect=None, read=None, redirect=None, status=None)) after connection broken by 'NewConnectionError('<urllib3.connection.HTTPConnection object at 0x0000020B8188A660>: Failed to establish a new connection: [WinError 10061] No connection could be made because the target machine actively refused it')': /session/8f0203e931600710740a1f4ec3d4968a
2025-04-07 17:58:02,724 INFO: Saved 0 new jobs for keyword: data scientist
2025-04-07 17:58:02,724 INFO: Searching for: data analyst
2025-04-07 17:58:06,804 WARNING: Retrying (Retry(total=2, connect=None, read=None, redirect=None, status=None)) after connection broken by 'NewConnectionError('<urllib3.connection.HTTPConnection object at 0x0000020B81272900>: Failed to establish a new connection: [WinError 10061] No connection could be made because the target machine actively refused it')': /session/bdf950e20f5812c7b70d97e4cb3083ea/url
2025-04-07 17:58:06,819 WARNING: Retrying (Retry(total=2, connect=None, read=None, redirect=None, status=None)) after connection broken by 'NewConnectionError('<urllib3.connection.HTTPConnection object at 0x0000020B8159C500>: Failed to establish a new connection: [WinError 10061] No connection could be made because the target machine actively refused it')': /session/8f0203e931600710740a1f4ec3d4968a/url
2025-04-07 17:58:10,901 WARNING: Retrying (Retry(total=1, connect=None, read=None, redirect=None, status=None)) after connection broken by 'NewConnectionError('<urllib3.connection.HTTPConnection object at 0x0000020B8188AD50>: Failed to establish a new connection: [WinError 10061] No connection could be made because the target machine actively refused it')': /session/bdf950e20f5812c7b70d97e4cb3083ea/url
2025-04-07 17:58:10,901 WARNING: Retrying (Retry(total=1, connect=None, read=None, redirect=None, status=None)) after connection broken by 'NewConnectionError('<urllib3.connection.HTTPConnection object at 0x0000020B810AF140>: Failed to establish a new connection: [WinError 10061] No connection could be made because the target machine actively refused it')': /session/8f0203e931600710740a1f4ec3d4968a/url
2025-04-07 17:58:14,986 WARNING: Retrying (Retry(total=0, connect=None, read=None, redirect=None, status=None)) after connection broken by 'NewConnectionError('<urllib3.connection.HTTPConnection object at 0x0000020B810AD640>: Failed to establish a new connection: [WinError 10061] No connection could be made because the target machine actively refused it')': /session/bdf950e20f5812c7b70d97e4cb3083ea/url
2025-04-07 17:58:14,987 WARNING: Retrying (Retry(total=0, connect=None, read=None, redirect=None, status=None)) after connection broken by 'NewConnectionError('<urllib3.connection.HTTPConnection object at 0x0000020B810AD430>: Failed to establish a new connection: [WinError 10061] No connection could be made because the target machine actively refused it')': /session/8f0203e931600710740a1f4ec3d4968a/url
2025-04-07 17:58:23,189 WARNING: Retrying (Retry(total=2, connect=None, read=None, redirect=None, status=None)) after connection broken by 'NewConnectionError('<urllib3.connection.HTTPConnection object at 0x0000020B8156FE90>: Failed to establish a new connection: [WinError 10061] No connection could be made because the target machine actively refused it')': /session/bdf950e20f5812c7b70d97e4cb3083ea
2025-04-07 17:58:23,190 WARNING: Retrying (Retry(total=2, connect=None, read=None, redirect=None, status=None)) after connection broken by 'NewConnectionError('<urllib3.connection.HTTPConnection object at 0x0000020B8156FDD0>: Failed to establish a new connection: [WinError 10061] No connection could be made because the target machine actively refused it')': /session/8f0203e931600710740a1f4ec3d4968a
2025-04-07 17:58:27,268 WARNING: Retrying (Retry(total=1, connect=None, read=None, redirect=None, status=None)) after connection broken by 'NewConnectionError('<urllib3.connection.HTTPConnection object at 0x0000020BFDE1CFE0>: Failed to establish a new connection: [WinError 10061] No connection could be made because the target machine actively refused it')': /session/bdf950e20f5812c7b70d97e4cb3083ea
2025-04-07 17:58:27,299 WARNING: Retrying (Retry(total=1, connect=None, read=None, redirect=None, status=None)) after connection broken by 'NewConnectionError('<urllib3.connection.HTTPConnection object at 0x0000020B810ADDF0>: Failed to establish a new connection: [WinError 10061] No connection could be made because the target machine actively refused it')': /session/8f0203e931600710740a1f4ec3d4968a
2025-04-07 17:58:31,359 WARNING: Retrying (Retry(total=0, connect=None, read=None, redirect=None, status=None)) after connection broken by 'NewConnectionError('<urllib3.connection.HTTPConnection object at 0x0000020B810AF830>: Failed to establish a new connection: [WinError 10061] No connection could be made because the target machine actively refused it')': /session/bdf950e20f5812c7b70d97e4cb3083ea
2025-04-07 17:58:31,389 WARNING: Retrying (Retry(total=0, connect=None, read=None, redirect=None, status=None)) after connection broken by 'NewConnectionError('<urllib3.connection.HTTPConnection object at 0x0000020B810AFEC0>: Failed to establish a new connection: [WinError 10061] No connection could be made because the target machine actively refused it')': /session/8f0203e931600710740a1f4ec3d4968a
2025-04-07 17:58:35,500 INFO: Saved 0 new jobs for keyword: data analyst
2025-04-07 17:58:35,501 INFO: Searching for: software engineer
2025-04-07 17:58:39,600 WARNING: Retrying (Retry(total=2, connect=None, read=None, redirect=None, status=None)) after connection broken by 'NewConnectionError('<urllib3.connection.HTTPConnection object at 0x0000020B81B5F110>: Failed to establish a new connection: [WinError 10061] No connection could be made because the target machine actively refused it')': /session/bdf950e20f5812c7b70d97e4cb3083ea/url
2025-04-07 17:58:39,616 WARNING: Retrying (Retry(total=2, connect=None, read=None, redirect=None, status=None)) after connection broken by 'NewConnectionError('<urllib3.connection.HTTPConnection object at 0x0000020B81B5E600>: Failed to establish a new connection: [WinError 10061] No connection could be made because the target machine actively refused it')': /session/8f0203e931600710740a1f4ec3d4968a/url
2025-04-07 17:58:43,701 WARNING: Retrying (Retry(total=1, connect=None, read=None, redirect=None, status=None)) after connection broken by 'NewConnectionError('<urllib3.connection.HTTPConnection object at 0x0000020B81B5FEC0>: Failed to establish a new connection: [WinError 10061] No connection could be made because the target machine actively refused it')': /session/8f0203e931600710740a1f4ec3d4968a/url
2025-04-07 17:58:43,716 WARNING: Retrying (Retry(total=1, connect=None, read=None, redirect=None, status=None)) after connection broken by 'NewConnectionError('<urllib3.connection.HTTPConnection object at 0x0000020B81B5EC00>: Failed to establish a new connection: [WinError 10061] No connection could be made because the target machine actively refused it')': /session/bdf950e20f5812c7b70d97e4cb3083ea/url
2025-04-07 17:58:47,808 WARNING: Retrying (Retry(total=0, connect=None, read=None, redirect=None, status=None)) after connection broken by 'NewConnectionError('<urllib3.connection.HTTPConnection object at 0x0000020B81B5EAE0>: Failed to establish a new connection: [WinError 10061] No connection could be made because the target machine actively refused it')': /session/8f0203e931600710740a1f4ec3d4968a/url
2025-04-07 17:58:47,823 WARNING: Retrying (Retry(total=0, connect=None, read=None, redirect=None, status=None)) after connection broken by 'NewConnectionError('<urllib3.connection.HTTPConnection object at 0x0000020B81B5F650>: Failed to establish a new connection: [WinError 10061] No connection could be made because the target machine actively refused it')': /session/bdf950e20f5812c7b70d97e4cb3083ea/url
2025-04-07 17:58:55,989 WARNING: Retrying (Retry(total=2, connect=None, read=None, redirect=None, status=None)) after connection broken by 'NewConnectionError('<urllib3.connection.HTTPConnection object at 0x0000020B817D57F0>: Failed to establish a new connection: [WinError 10061] No connection could be made because the target machine actively refused it')': /session/bdf950e20f5812c7b70d97e4cb3083ea
2025-04-07 17:58:55,989 WARNING: Retrying (Retry(total=2, connect=None, read=None, redirect=None, status=None)) after connection broken by 'NewConnectionError('<urllib3.connection.HTTPConnection object at 0x0000020B817D5970>: Failed to establish a new connection: [WinError 10061] No connection could be made because the target machine actively refused it')': /session/8f0203e931600710740a1f4ec3d4968a
2025-04-07 17:59:00,082 WARNING: Retrying (Retry(total=1, connect=None, read=None, redirect=None, status=None)) after connection broken by 'NewConnectionError('<urllib3.connection.HTTPConnection object at 0x0000020B817D54F0>: Failed to establish a new connection: [WinError 10061] No connection could be made because the target machine actively refused it')': /session/bdf950e20f5812c7b70d97e4cb3083ea
2025-04-07 17:59:00,083 WARNING: Retrying (Retry(total=1, connect=None, read=None, redirect=None, status=None)) after connection broken by 'NewConnectionError('<urllib3.connection.HTTPConnection object at 0x0000020B817D5400>: Failed to establish a new connection: [WinError 10061] No connection could be made because the target machine actively refused it')': /session/8f0203e931600710740a1f4ec3d4968a
2025-04-07 17:59:04,175 WARNING: Retrying (Retry(total=0, connect=None, read=None, redirect=None, status=None)) after connection broken by 'NewConnectionError('<urllib3.connection.HTTPConnection object at 0x0000020B8188AD50>: Failed to establish a new connection: [WinError 10061] No connection could be made because the target machine actively refused it')': /session/bdf950e20f5812c7b70d97e4cb3083ea
2025-04-07 17:59:04,193 WARNING: Retrying (Retry(total=0, connect=None, read=None, redirect=None, status=None)) after connection broken by 'NewConnectionError('<urllib3.connection.HTTPConnection object at 0x0000020B81B5E720>: Failed to establish a new connection: [WinError 10061] No connection could be made because the target machine actively refused it')': /session/8f0203e931600710740a1f4ec3d4968a
2025-04-07 17:59:08,282 INFO: Saved 0 new jobs for keyword: software engineer
2025-04-07 17:59:08,283 INFO: Scraping completed. Total new jobs saved: 0
2025-04-07 18:02:05,705 INFO: Starting LinkedIn job scraping for: software engineer, data scientist, backend, data, data analyst, internship in United States, egypt, Remote
2025-04-07 18:02:08,663 INFO: Searching for: software engineer
2025-04-07 18:02:27,679 INFO: Saved 10 new jobs for keyword: software engineer
2025-04-07 18:02:27,679 INFO: Searching for: data scientist
2025-04-07 18:02:47,069 INFO: Saved 20 new jobs for keyword: data scientist
2025-04-07 18:02:47,071 INFO: Searching for: backend
2025-04-07 18:02:53,418 INFO: Saved 23 new jobs for keyword: backend
2025-04-07 18:02:53,418 INFO: Searching for: data
2025-04-07 18:03:12,017 INFO: Saved 33 new jobs for keyword: data
2025-04-07 18:03:12,017 INFO: Searching for: data analyst
2025-04-07 18:03:30,853 INFO: Saved 43 new jobs for keyword: data analyst
2025-04-07 18:03:30,853 INFO: Searching for: internship
2025-04-07 18:03:47,676 INFO: Saved 52 new jobs for keyword: internship
2025-04-07 18:03:47,677 INFO: Scraping completed. Total new jobs saved: 52
2025-04-07 18:06:08,640 INFO: Starting LinkedIn job scraping for: data science,data analytics,data annotator,AI Engineer in Egypt,Cairo,United States
2025-04-07 18:06:11,482 INFO: Searching for: data science
2025-04-07 18:06:14,347 INFO: Saved 1 new jobs for keyword: data science
2025-04-07 18:06:14,347 INFO: Searching for: data analytics
2025-04-07 18:06:17,794 INFO: Saved 2 new jobs for keyword: data analytics
2025-04-07 18:06:17,795 INFO: Searching for: data annotator
2025-04-07 18:06:18,374 INFO: Saved 2 new jobs for keyword: data annotator
2025-04-07 18:06:18,374 INFO: Searching for: AI Engineer
2025-04-07 18:06:19,267 INFO: Saved 2 new jobs for keyword: AI Engineer
2025-04-07 18:06:19,267 INFO: Scraping completed. Total new jobs saved: 2
2025-04-07 18:12:08,456 INFO: Starting LinkedIn job scraping for: software engineer,swe, internship, project manger,data scientist,data analyst,Ai engineer,machine learning,backend,fullstack,web developer,cs iternship,DevOps,MlOps in Egypt,Remotly,Part-time,United States
2025-04-07 18:12:11,551 INFO: Searching for: software engineer
2025-04-07 18:12:12,170 INFO: Saved 0 new jobs for keyword: software engineer
2025-04-07 18:12:12,170 INFO: Searching for: swe
2025-04-07 18:12:12,959 INFO: Saved 0 new jobs for keyword: swe
2025-04-07 18:12:12,960 INFO: Searching for: internship
2025-04-07 18:12:13,498 INFO: Saved 0 new jobs for keyword: internship
2025-04-07 18:12:13,499 INFO: Searching for: project manger
2025-04-07 18:12:18,210 INFO: Saved 2 new jobs for keyword: project manger
2025-04-07 18:12:18,210 INFO: Searching for: data scientist
2025-04-07 18:12:19,113 INFO: Saved 2 new jobs for keyword: data scientist
2025-04-07 18:12:19,113 INFO: Searching for: data analyst
2025-04-07 18:12:19,654 INFO: Saved 2 new jobs for keyword: data analyst
2025-04-07 18:12:19,654 INFO: Searching for: Ai engineer
2025-04-07 18:12:20,337 INFO: Saved 2 new jobs for keyword: Ai engineer
2025-04-07 18:12:20,337 INFO: Searching for: machine learning
2025-04-07 18:12:21,464 INFO: Saved 2 new jobs for keyword: machine learning
2025-04-07 18:12:21,464 INFO: Searching for: backend
2025-04-07 18:12:22,304 INFO: Saved 2 new jobs for keyword: backend
2025-04-07 18:12:22,304 INFO: Searching for: fullstack
2025-04-07 18:12:23,268 INFO: Saved 2 new jobs for keyword: fullstack
2025-04-07 18:12:23,268 INFO: Searching for: web developer
2025-04-07 18:12:24,334 INFO: Saved 2 new jobs for keyword: web developer
2025-04-07 18:12:24,334 INFO: Searching for: cs iternship
2025-04-07 18:12:25,131 INFO: Saved 2 new jobs for keyword: cs iternship
2025-04-07 18:12:25,132 INFO: Searching for: DevOps
2025-04-07 18:12:30,584 INFO: Saved 4 new jobs for keyword: DevOps
2025-04-07 18:12:30,584 INFO: Searching for: MlOps
2025-04-07 18:12:31,497 INFO: Saved 4 new jobs for keyword: MlOps
2025-04-07 18:12:31,498 INFO: Scraping completed. Total new jobs saved: 4
2025-04-07 18:12:39,508 INFO: Starting LinkedIn job scraping for: software engineer in United States
2025-04-07 18:12:42,227 INFO: Searching for: software engineer
2025-04-07 18:13:07,668 INFO: Saved 10 new jobs for keyword: software engineer
2025-04-07 18:13:07,668 INFO: Scraping completed. Total new jobs saved: 10
2025-04-07 18:15:03,000 INFO: Starting LinkedIn job scraping for: backend,data scientist,data analyst,fullstack,devops in Egypt,United States,Remotely
2025-04-07 18:15:05,749 INFO: Searching for: backend
2025-04-07 18:15:29,822 INFO: Saved 10 new jobs for keyword: backend
2025-04-07 18:15:29,823 INFO: Searching for: data scientist
2025-04-07 18:15:55,292 INFO: Saved 20 new jobs for keyword: data scientist
2025-04-07 18:15:55,292 INFO: Searching for: data analyst
2025-04-07 18:16:18,871 INFO: Saved 30 new jobs for keyword: data analyst
2025-04-07 18:16:18,871 INFO: Searching for: fullstack
2025-04-07 18:16:42,162 INFO: Saved 40 new jobs for keyword: fullstack
2025-04-07 18:16:42,163 INFO: Searching for: devops
2025-04-07 18:17:06,419 INFO: Saved 50 new jobs for keyword: devops
2025-04-07 18:17:06,419 INFO: Scraping completed. Total new jobs saved: 50
